The system is: Linux - 4.4.36-2.NSN.el6.x86_64 - x86_64
Compiling the C compiler identification source file "CMakeCCompilerId.c" succeeded.
Compiler: /var/fpwork/jinmao/containerPOc/gnb/cplane/cplane/prefix_root/usr/bin/gcc 
Build flags: -isystem;/var/fpwork/jinmao/containerPOc/gnb/cplane/cplane/prefix_root/usr/include;
Id flags: 

The output was:
0


Compilation of the C compiler identification source "CMakeCCompilerId.c" produced "a.out"

The C compiler identification is GNU, found in "/var/fpwork/jinmao/test/spdlog/spdlog-master/example/build/CMakeFiles/3.7.1/CompilerIdC/a.out"

Compiling the CXX compiler identification source file "CMakeCXXCompilerId.cpp" succeeded.
Compiler: /var/fpwork/jinmao/containerPOc/gnb/cplane/cplane/prefix_root/usr/bin/g++ 
Build flags: -isystem;/var/fpwork/jinmao/containerPOc/gnb/cplane/cplane/prefix_root/usr/include;
Id flags: 

The output was:
0


Compilation of the CXX compiler identification source "CMakeCXXCompilerId.cpp" produced "a.out"

The CXX compiler identification is GNU, found in "/var/fpwork/jinmao/test/spdlog/spdlog-master/example/build/CMakeFiles/3.7.1/CompilerIdCXX/a.out"

Determining if the C compiler works passed with the following output:
Change Dir: /var/fpwork/jinmao/test/spdlog/spdlog-master/example/build/CMakeFiles/CMakeTmp

Run Build Command:"/usr/bin/gmake" "cmTC_733ca/fast"
/usr/bin/gmake -f CMakeFiles/cmTC_733ca.dir/build.make CMakeFiles/cmTC_733ca.dir/build
gmake[1]: Entering directory `/var/fpwork/jinmao/test/spdlog/spdlog-master/example/build/CMakeFiles/CMakeTmp'
Building C object CMakeFiles/cmTC_733ca.dir/testCCompiler.c.o
/var/fpwork/jinmao/containerPOc/gnb/cplane/cplane/prefix_root/usr/bin/gcc    -isystem /var/fpwork/jinmao/containerPOc/gnb/cplane/cplane/prefix_root/usr/include     -o CMakeFiles/cmTC_733ca.dir/testCCompiler.c.o   -c /var/fpwork/jinmao/test/spdlog/spdlog-master/example/build/CMakeFiles/CMakeTmp/testCCompiler.c
Linking C executable cmTC_733ca
/opt/cmake/x86_64/3.7.1-1/bin/cmake -E cmake_link_script CMakeFiles/cmTC_733ca.dir/link.txt --verbose=1
/var/fpwork/jinmao/containerPOc/gnb/cplane/cplane/prefix_root/usr/bin/gcc  -isystem /var/fpwork/jinmao/containerPOc/gnb/cplane/cplane/prefix_root/usr/include    -L/var/fpwork/jinmao/containerPOc/gnb/cplane/cplane/prefix_root/lib -Wl,-rpath,/var/fpwork/jinmao/containerPOc/gnb/cplane/cplane/prefix_root/lib -Wl,-rpath,/opt/boost/x86_64/1.61.0.g520a/lib -Wl,-rpath,/opt/gcc/x86_64/5.3.0/lib64 -Wl,-rpath,/opt/gcc/x86_64/5.3.0/lib  CMakeFiles/cmTC_733ca.dir/testCCompiler.c.o  -o cmTC_733ca -rdynamic 
gmake[1]: Leaving directory `/var/fpwork/jinmao/test/spdlog/spdlog-master/example/build/CMakeFiles/CMakeTmp'


Detecting C compiler ABI info compiled with the following output:
Change Dir: /var/fpwork/jinmao/test/spdlog/spdlog-master/example/build/CMakeFiles/CMakeTmp

Run Build Command:"/usr/bin/gmake" "cmTC_666f2/fast"
/usr/bin/gmake -f CMakeFiles/cmTC_666f2.dir/build.make CMakeFiles/cmTC_666f2.dir/build
gmake[1]: Entering directory `/var/fpwork/jinmao/test/spdlog/spdlog-master/example/build/CMakeFiles/CMakeTmp'
Building C object CMakeFiles/cmTC_666f2.dir/CMakeCCompilerABI.c.o
/var/fpwork/jinmao/containerPOc/gnb/cplane/cplane/prefix_root/usr/bin/gcc    -isystem /var/fpwork/jinmao/containerPOc/gnb/cplane/cplane/prefix_root/usr/include     -o CMakeFiles/cmTC_666f2.dir/CMakeCCompilerABI.c.o   -c /opt/cmake/x86_64/3.7.1-1/share/Modules/CMakeCCompilerABI.c
Linking C executable cmTC_666f2
/opt/cmake/x86_64/3.7.1-1/bin/cmake -E cmake_link_script CMakeFiles/cmTC_666f2.dir/link.txt --verbose=1
/var/fpwork/jinmao/containerPOc/gnb/cplane/cplane/prefix_root/usr/bin/gcc  -isystem /var/fpwork/jinmao/containerPOc/gnb/cplane/cplane/prefix_root/usr/include    -L/var/fpwork/jinmao/containerPOc/gnb/cplane/cplane/prefix_root/lib -Wl,-rpath,/var/fpwork/jinmao/containerPOc/gnb/cplane/cplane/prefix_root/lib -Wl,-rpath,/opt/boost/x86_64/1.61.0.g520a/lib -Wl,-rpath,/opt/gcc/x86_64/5.3.0/lib64 -Wl,-rpath,/opt/gcc/x86_64/5.3.0/lib -v CMakeFiles/cmTC_666f2.dir/CMakeCCompilerABI.c.o  -o cmTC_666f2 -rdynamic  
Using built-in specs.
COLLECT_GCC=/opt/gcc/x86_64/5.3.0/bin/gcc
COLLECT_LTO_WRAPPER=/opt/gcc/x86_64/5.3.0-2/libexec/gcc/x86_64-redhat-linux/5.3.0/lto-wrapper
Target: x86_64-redhat-linux
Configured with: ../configure --prefix=/opt/gcc/x86_64/5.3.0-2 --exec-prefix=/opt/gcc/x86_64/5.3.0-2 --bindir=/opt/gcc/x86_64/5.3.0-2/bin --sbindir=/opt/gcc/x86_64/5.3.0-2/sbin --sysconfdir=/opt/gcc/x86_64/5.3.0-2/etc --datadir=/opt/gcc/x86_64/5.3.0-2/share --includedir=/opt/gcc/x86_64/5.3.0-2/include --libdir=/opt/gcc/x86_64/5.3.0-2/lib --libexecdir=/opt/gcc/x86_64/5.3.0-2/libexec --localstatedir=/var --sharedstatedir=/var/lib --mandir=/opt/gcc/x86_64/5.3.0-2/man --infodir=/opt/gcc/x86_64/5.3.0-2/info --with-docdir=/opt/gcc/x86_64/5.3.0-2/doc --enable-shared --enable-bootstrap --enable-languages=c,c++ --enable-threads=posix --enable-checking=release --with-system-zlib --disable-libunwind-exceptions --enable-__cxa_atexit --enable-libssp --enable-lto --with-gnu-ld --verbose --disable-gtktest --target=x86_64-redhat-linux --build=x86_64-redhat-linux --host=x86_64-redhat-linux
Thread model: posix
gcc version 5.3.0 (GCC) 
COMPILER_PATH=/opt/gcc/x86_64/5.3.0-2/libexec/gcc/x86_64-redhat-linux/5.3.0/:/opt/gcc/x86_64/5.3.0-2/libexec/gcc/x86_64-redhat-linux/5.3.0/:/opt/gcc/x86_64/5.3.0-2/libexec/gcc/x86_64-redhat-linux/:/opt/gcc/x86_64/5.3.0-2/lib/gcc/x86_64-redhat-linux/5.3.0/:/opt/gcc/x86_64/5.3.0-2/lib/gcc/x86_64-redhat-linux/
LIBRARY_PATH=/opt/gcc/x86_64/5.3.0-2/lib/gcc/x86_64-redhat-linux/5.3.0/:/opt/gcc/x86_64/5.3.0-2/lib/gcc/x86_64-redhat-linux/5.3.0/../../../../lib64/:/lib/../lib64/:/usr/lib/../lib64/:/opt/gcc/x86_64/5.3.0-2/lib/gcc/x86_64-redhat-linux/5.3.0/../../../:/lib/:/usr/lib/
COLLECT_GCC_OPTIONS='-isystem' '/var/fpwork/jinmao/containerPOc/gnb/cplane/cplane/prefix_root/usr/include' '-L/var/fpwork/jinmao/containerPOc/gnb/cplane/cplane/prefix_root/lib' '-v' '-o' 'cmTC_666f2' '-rdynamic' '-mtune=generic' '-march=x86-64'
 /opt/gcc/x86_64/5.3.0-2/libexec/gcc/x86_64-redhat-linux/5.3.0/collect2 -plugin /opt/gcc/x86_64/5.3.0-2/libexec/gcc/x86_64-redhat-linux/5.3.0/liblto_plugin.so -plugin-opt=/opt/gcc/x86_64/5.3.0-2/libexec/gcc/x86_64-redhat-linux/5.3.0/lto-wrapper -plugin-opt=-fresolution=/tmp/cc9MI4Cn.res -plugin-opt=-pass-through=-lgcc -plugin-opt=-pass-through=-lgcc_s -plugin-opt=-pass-through=-lc -plugin-opt=-pass-through=-lgcc -plugin-opt=-pass-through=-lgcc_s --eh-frame-hdr -m elf_x86_64 -export-dynamic -dynamic-linker /lib64/ld-linux-x86-64.so.2 -o cmTC_666f2 /usr/lib/../lib64/crt1.o /usr/lib/../lib64/crti.o /opt/gcc/x86_64/5.3.0-2/lib/gcc/x86_64-redhat-linux/5.3.0/crtbegin.o -L/var/fpwork/jinmao/containerPOc/gnb/cplane/cplane/prefix_root/lib -L/opt/gcc/x86_64/5.3.0-2/lib/gcc/x86_64-redhat-linux/5.3.0 -L/opt/gcc/x86_64/5.3.0-2/lib/gcc/x86_64-redhat-linux/5.3.0/../../../../lib64 -L/lib/../lib64 -L/usr/lib/../lib64 -L/opt/gcc/x86_64/5.3.0-2/lib/gcc/x86_64-redhat-linux/5.3.0/../../.. -rpath /var/fpwork/jinmao/containerPOc/gnb/cplane/cplane/prefix_root/lib -rpath /opt/boost/x86_64/1.61.0.g520a/lib -rpath /opt/gcc/x86_64/5.3.0/lib64 -rpath /opt/gcc/x86_64/5.3.0/lib CMakeFiles/cmTC_666f2.dir/CMakeCCompilerABI.c.o -lgcc --as-needed -lgcc_s --no-as-needed -lc -lgcc --as-needed -lgcc_s --no-as-needed /opt/gcc/x86_64/5.3.0-2/lib/gcc/x86_64-redhat-linux/5.3.0/crtend.o /usr/lib/../lib64/crtn.o
gmake[1]: Leaving directory `/var/fpwork/jinmao/test/spdlog/spdlog-master/example/build/CMakeFiles/CMakeTmp'


Parsed C implicit link information from above output:
  link line regex: [^( *|.*[/\])(ld|([^/\]+-)?ld|collect2)[^/\]*( |$)]
  ignore line: [Change Dir: /var/fpwork/jinmao/test/spdlog/spdlog-master/example/build/CMakeFiles/CMakeTmp]
  ignore line: []
  ignore line: [Run Build Command:"/usr/bin/gmake" "cmTC_666f2/fast"]
  ignore line: [/usr/bin/gmake -f CMakeFiles/cmTC_666f2.dir/build.make CMakeFiles/cmTC_666f2.dir/build]
  ignore line: [gmake[1]: Entering directory `/var/fpwork/jinmao/test/spdlog/spdlog-master/example/build/CMakeFiles/CMakeTmp']
  ignore line: [Building C object CMakeFiles/cmTC_666f2.dir/CMakeCCompilerABI.c.o]
  ignore line: [/var/fpwork/jinmao/containerPOc/gnb/cplane/cplane/prefix_root/usr/bin/gcc    -isystem /var/fpwork/jinmao/containerPOc/gnb/cplane/cplane/prefix_root/usr/include     -o CMakeFiles/cmTC_666f2.dir/CMakeCCompilerABI.c.o   -c /opt/cmake/x86_64/3.7.1-1/share/Modules/CMakeCCompilerABI.c]
  ignore line: [Linking C executable cmTC_666f2]
  ignore line: [/opt/cmake/x86_64/3.7.1-1/bin/cmake -E cmake_link_script CMakeFiles/cmTC_666f2.dir/link.txt --verbose=1]
  ignore line: [/var/fpwork/jinmao/containerPOc/gnb/cplane/cplane/prefix_root/usr/bin/gcc  -isystem /var/fpwork/jinmao/containerPOc/gnb/cplane/cplane/prefix_root/usr/include    -L/var/fpwork/jinmao/containerPOc/gnb/cplane/cplane/prefix_root/lib -Wl,-rpath,/var/fpwork/jinmao/containerPOc/gnb/cplane/cplane/prefix_root/lib -Wl,-rpath,/opt/boost/x86_64/1.61.0.g520a/lib -Wl,-rpath,/opt/gcc/x86_64/5.3.0/lib64 -Wl,-rpath,/opt/gcc/x86_64/5.3.0/lib -v CMakeFiles/cmTC_666f2.dir/CMakeCCompilerABI.c.o  -o cmTC_666f2 -rdynamic  ]
  ignore line: [Using built-in specs.]
  ignore line: [COLLECT_GCC=/opt/gcc/x86_64/5.3.0/bin/gcc]
  ignore line: [COLLECT_LTO_WRAPPER=/opt/gcc/x86_64/5.3.0-2/libexec/gcc/x86_64-redhat-linux/5.3.0/lto-wrapper]
  ignore line: [Target: x86_64-redhat-linux]
  ignore line: [Configured with: ../configure --prefix=/opt/gcc/x86_64/5.3.0-2 --exec-prefix=/opt/gcc/x86_64/5.3.0-2 --bindir=/opt/gcc/x86_64/5.3.0-2/bin --sbindir=/opt/gcc/x86_64/5.3.0-2/sbin --sysconfdir=/opt/gcc/x86_64/5.3.0-2/etc --datadir=/opt/gcc/x86_64/5.3.0-2/share --includedir=/opt/gcc/x86_64/5.3.0-2/include --libdir=/opt/gcc/x86_64/5.3.0-2/lib --libexecdir=/opt/gcc/x86_64/5.3.0-2/libexec --localstatedir=/var --sharedstatedir=/var/lib --mandir=/opt/gcc/x86_64/5.3.0-2/man --infodir=/opt/gcc/x86_64/5.3.0-2/info --with-docdir=/opt/gcc/x86_64/5.3.0-2/doc --enable-shared --enable-bootstrap --enable-languages=c,c++ --enable-threads=posix --enable-checking=release --with-system-zlib --disable-libunwind-exceptions --enable-__cxa_atexit --enable-libssp --enable-lto --with-gnu-ld --verbose --disable-gtktest --target=x86_64-redhat-linux --build=x86_64-redhat-linux --host=x86_64-redhat-linux]
  ignore line: [Thread model: posix]
  ignore line: [gcc version 5.3.0 (GCC) ]
  ignore line: [COMPILER_PATH=/opt/gcc/x86_64/5.3.0-2/libexec/gcc/x86_64-redhat-linux/5.3.0/:/opt/gcc/x86_64/5.3.0-2/libexec/gcc/x86_64-redhat-linux/5.3.0/:/opt/gcc/x86_64/5.3.0-2/libexec/gcc/x86_64-redhat-linux/:/opt/gcc/x86_64/5.3.0-2/lib/gcc/x86_64-redhat-linux/5.3.0/:/opt/gcc/x86_64/5.3.0-2/lib/gcc/x86_64-redhat-linux/]
  ignore line: [LIBRARY_PATH=/opt/gcc/x86_64/5.3.0-2/lib/gcc/x86_64-redhat-linux/5.3.0/:/opt/gcc/x86_64/5.3.0-2/lib/gcc/x86_64-redhat-linux/5.3.0/../../../../lib64/:/lib/../lib64/:/usr/lib/../lib64/:/opt/gcc/x86_64/5.3.0-2/lib/gcc/x86_64-redhat-linux/5.3.0/../../../:/lib/:/usr/lib/]
  ignore line: [COLLECT_GCC_OPTIONS='-isystem' '/var/fpwork/jinmao/containerPOc/gnb/cplane/cplane/prefix_root/usr/include' '-L/var/fpwork/jinmao/containerPOc/gnb/cplane/cplane/prefix_root/lib' '-v' '-o' 'cmTC_666f2' '-rdynamic' '-mtune=generic' '-march=x86-64']
  link line: [ /opt/gcc/x86_64/5.3.0-2/libexec/gcc/x86_64-redhat-linux/5.3.0/collect2 -plugin /opt/gcc/x86_64/5.3.0-2/libexec/gcc/x86_64-redhat-linux/5.3.0/liblto_plugin.so -plugin-opt=/opt/gcc/x86_64/5.3.0-2/libexec/gcc/x86_64-redhat-linux/5.3.0/lto-wrapper -plugin-opt=-fresolution=/tmp/cc9MI4Cn.res -plugin-opt=-pass-through=-lgcc -plugin-opt=-pass-through=-lgcc_s -plugin-opt=-pass-through=-lc -plugin-opt=-pass-through=-lgcc -plugin-opt=-pass-through=-lgcc_s --eh-frame-hdr -m elf_x86_64 -export-dynamic -dynamic-linker /lib64/ld-linux-x86-64.so.2 -o cmTC_666f2 /usr/lib/../lib64/crt1.o /usr/lib/../lib64/crti.o /opt/gcc/x86_64/5.3.0-2/lib/gcc/x86_64-redhat-linux/5.3.0/crtbegin.o -L/var/fpwork/jinmao/containerPOc/gnb/cplane/cplane/prefix_root/lib -L/opt/gcc/x86_64/5.3.0-2/lib/gcc/x86_64-redhat-linux/5.3.0 -L/opt/gcc/x86_64/5.3.0-2/lib/gcc/x86_64-redhat-linux/5.3.0/../../../../lib64 -L/lib/../lib64 -L/usr/lib/../lib64 -L/opt/gcc/x86_64/5.3.0-2/lib/gcc/x86_64-redhat-linux/5.3.0/../../.. -rpath /var/fpwork/jinmao/containerPOc/gnb/cplane/cplane/prefix_root/lib -rpath /opt/boost/x86_64/1.61.0.g520a/lib -rpath /opt/gcc/x86_64/5.3.0/lib64 -rpath /opt/gcc/x86_64/5.3.0/lib CMakeFiles/cmTC_666f2.dir/CMakeCCompilerABI.c.o -lgcc --as-needed -lgcc_s --no-as-needed -lc -lgcc --as-needed -lgcc_s --no-as-needed /opt/gcc/x86_64/5.3.0-2/lib/gcc/x86_64-redhat-linux/5.3.0/crtend.o /usr/lib/../lib64/crtn.o]
    arg [/opt/gcc/x86_64/5.3.0-2/libexec/gcc/x86_64-redhat-linux/5.3.0/collect2] ==> ignore
    arg [-plugin] ==> ignore
    arg [/opt/gcc/x86_64/5.3.0-2/libexec/gcc/x86_64-redhat-linux/5.3.0/liblto_plugin.so] ==> ignore
    arg [-plugin-opt=/opt/gcc/x86_64/5.3.0-2/libexec/gcc/x86_64-redhat-linux/5.3.0/lto-wrapper] ==> ignore
    arg [-plugin-opt=-fresolution=/tmp/cc9MI4Cn.res] ==> ignore
    arg [-plugin-opt=-pass-through=-lgcc] ==> ignore
    arg [-plugin-opt=-pass-through=-lgcc_s] ==> ignore
    arg [-plugin-opt=-pass-through=-lc] ==> ignore
    arg [-plugin-opt=-pass-through=-lgcc] ==> ignore
    arg [-plugin-opt=-pass-through=-lgcc_s] ==> ignore
    arg [--eh-frame-hdr] ==> ignore
    arg [-m] ==> ignore
    arg [elf_x86_64] ==> ignore
    arg [-export-dynamic] ==> ignore
    arg [-dynamic-linker] ==> ignore
    arg [/lib64/ld-linux-x86-64.so.2] ==> ignore
    arg [-o] ==> ignore
    arg [cmTC_666f2] ==> ignore
    arg [/usr/lib/../lib64/crt1.o] ==> ignore
    arg [/usr/lib/../lib64/crti.o] ==> ignore
    arg [/opt/gcc/x86_64/5.3.0-2/lib/gcc/x86_64-redhat-linux/5.3.0/crtbegin.o] ==> ignore
    arg [-L/var/fpwork/jinmao/containerPOc/gnb/cplane/cplane/prefix_root/lib] ==> dir [/var/fpwork/jinmao/containerPOc/gnb/cplane/cplane/prefix_root/lib]
    arg [-L/opt/gcc/x86_64/5.3.0-2/lib/gcc/x86_64-redhat-linux/5.3.0] ==> dir [/opt/gcc/x86_64/5.3.0-2/lib/gcc/x86_64-redhat-linux/5.3.0]
    arg [-L/opt/gcc/x86_64/5.3.0-2/lib/gcc/x86_64-redhat-linux/5.3.0/../../../../lib64] ==> dir [/opt/gcc/x86_64/5.3.0-2/lib/gcc/x86_64-redhat-linux/5.3.0/../../../../lib64]
    arg [-L/lib/../lib64] ==> dir [/lib/../lib64]
    arg [-L/usr/lib/../lib64] ==> dir [/usr/lib/../lib64]
    arg [-L/opt/gcc/x86_64/5.3.0-2/lib/gcc/x86_64-redhat-linux/5.3.0/../../..] ==> dir [/opt/gcc/x86_64/5.3.0-2/lib/gcc/x86_64-redhat-linux/5.3.0/../../..]
    arg [-rpath] ==> ignore
    arg [/var/fpwork/jinmao/containerPOc/gnb/cplane/cplane/prefix_root/lib] ==> ignore
    arg [-rpath] ==> ignore
    arg [/opt/boost/x86_64/1.61.0.g520a/lib] ==> ignore
    arg [-rpath] ==> ignore
    arg [/opt/gcc/x86_64/5.3.0/lib64] ==> ignore
    arg [-rpath] ==> ignore
    arg [/opt/gcc/x86_64/5.3.0/lib] ==> ignore
    arg [CMakeFiles/cmTC_666f2.dir/CMakeCCompilerABI.c.o] ==> ignore
    arg [-lgcc] ==> lib [gcc]
    arg [--as-needed] ==> ignore
    arg [-lgcc_s] ==> lib [gcc_s]
    arg [--no-as-needed] ==> ignore
    arg [-lc] ==> lib [c]
    arg [-lgcc] ==> lib [gcc]
    arg [--as-needed] ==> ignore
    arg [-lgcc_s] ==> lib [gcc_s]
    arg [--no-as-needed] ==> ignore
    arg [/opt/gcc/x86_64/5.3.0-2/lib/gcc/x86_64-redhat-linux/5.3.0/crtend.o] ==> ignore
    arg [/usr/lib/../lib64/crtn.o] ==> ignore
  remove lib [gcc]
  remove lib [gcc_s]
  remove lib [gcc]
  remove lib [gcc_s]
  collapse library dir [/var/fpwork/jinmao/containerPOc/gnb/cplane/cplane/prefix_root/lib] ==> [/var/fpwork/jinmao/containerPOc/gnb/cplane/cplane/prefix_root/lib]
  collapse library dir [/opt/gcc/x86_64/5.3.0-2/lib/gcc/x86_64-redhat-linux/5.3.0] ==> [/opt/gcc/x86_64/5.3.0-2/lib/gcc/x86_64-redhat-linux/5.3.0]
  collapse library dir [/opt/gcc/x86_64/5.3.0-2/lib/gcc/x86_64-redhat-linux/5.3.0/../../../../lib64] ==> [/opt/gcc/x86_64/5.3.0-2/lib64]
  collapse library dir [/lib/../lib64] ==> [/lib64]
  collapse library dir [/usr/lib/../lib64] ==> [/usr/lib64]
  collapse library dir [/opt/gcc/x86_64/5.3.0-2/lib/gcc/x86_64-redhat-linux/5.3.0/../../..] ==> [/opt/gcc/x86_64/5.3.0-2/lib]
  implicit libs: [c]
  implicit dirs: [/var/fpwork/jinmao/containerPOc/gnb/cplane/cplane/prefix_root/lib;/opt/gcc/x86_64/5.3.0-2/lib/gcc/x86_64-redhat-linux/5.3.0;/opt/gcc/x86_64/5.3.0-2/lib64;/lib64;/usr/lib64;/opt/gcc/x86_64/5.3.0-2/lib]
  implicit fwks: []




Detecting C [-std=c11] compiler features compiled with the following output:
Change Dir: /var/fpwork/jinmao/test/spdlog/spdlog-master/example/build/CMakeFiles/CMakeTmp

Run Build Command:"/usr/bin/gmake" "cmTC_11b5c/fast"
/usr/bin/gmake -f CMakeFiles/cmTC_11b5c.dir/build.make CMakeFiles/cmTC_11b5c.dir/build
gmake[1]: Entering directory `/var/fpwork/jinmao/test/spdlog/spdlog-master/example/build/CMakeFiles/CMakeTmp'
Building C object CMakeFiles/cmTC_11b5c.dir/feature_tests.c.o
/var/fpwork/jinmao/containerPOc/gnb/cplane/cplane/prefix_root/usr/bin/gcc    -isystem /var/fpwork/jinmao/containerPOc/gnb/cplane/cplane/prefix_root/usr/include     -std=c11 -o CMakeFiles/cmTC_11b5c.dir/feature_tests.c.o   -c /var/fpwork/jinmao/test/spdlog/spdlog-master/example/build/CMakeFiles/feature_tests.c
Linking C executable cmTC_11b5c
/opt/cmake/x86_64/3.7.1-1/bin/cmake -E cmake_link_script CMakeFiles/cmTC_11b5c.dir/link.txt --verbose=1
/var/fpwork/jinmao/containerPOc/gnb/cplane/cplane/prefix_root/usr/bin/gcc  -isystem /var/fpwork/jinmao/containerPOc/gnb/cplane/cplane/prefix_root/usr/include    -L/var/fpwork/jinmao/containerPOc/gnb/cplane/cplane/prefix_root/lib -Wl,-rpath,/var/fpwork/jinmao/containerPOc/gnb/cplane/cplane/prefix_root/lib -Wl,-rpath,/opt/boost/x86_64/1.61.0.g520a/lib -Wl,-rpath,/opt/gcc/x86_64/5.3.0/lib64 -Wl,-rpath,/opt/gcc/x86_64/5.3.0/lib  CMakeFiles/cmTC_11b5c.dir/feature_tests.c.o  -o cmTC_11b5c -rdynamic 
gmake[1]: Leaving directory `/var/fpwork/jinmao/test/spdlog/spdlog-master/example/build/CMakeFiles/CMakeTmp'


    Feature record: C_FEATURE:1c_function_prototypes
    Feature record: C_FEATURE:1c_restrict
    Feature record: C_FEATURE:1c_static_assert
    Feature record: C_FEATURE:1c_variadic_macros


Detecting C [-std=c99] compiler features compiled with the following output:
Change Dir: /var/fpwork/jinmao/test/spdlog/spdlog-master/example/build/CMakeFiles/CMakeTmp

Run Build Command:"/usr/bin/gmake" "cmTC_d9479/fast"
/usr/bin/gmake -f CMakeFiles/cmTC_d9479.dir/build.make CMakeFiles/cmTC_d9479.dir/build
gmake[1]: Entering directory `/var/fpwork/jinmao/test/spdlog/spdlog-master/example/build/CMakeFiles/CMakeTmp'
Building C object CMakeFiles/cmTC_d9479.dir/feature_tests.c.o
/var/fpwork/jinmao/containerPOc/gnb/cplane/cplane/prefix_root/usr/bin/gcc    -isystem /var/fpwork/jinmao/containerPOc/gnb/cplane/cplane/prefix_root/usr/include     -std=c99 -o CMakeFiles/cmTC_d9479.dir/feature_tests.c.o   -c /var/fpwork/jinmao/test/spdlog/spdlog-master/example/build/CMakeFiles/feature_tests.c
Linking C executable cmTC_d9479
/opt/cmake/x86_64/3.7.1-1/bin/cmake -E cmake_link_script CMakeFiles/cmTC_d9479.dir/link.txt --verbose=1
/var/fpwork/jinmao/containerPOc/gnb/cplane/cplane/prefix_root/usr/bin/gcc  -isystem /var/fpwork/jinmao/containerPOc/gnb/cplane/cplane/prefix_root/usr/include    -L/var/fpwork/jinmao/containerPOc/gnb/cplane/cplane/prefix_root/lib -Wl,-rpath,/var/fpwork/jinmao/containerPOc/gnb/cplane/cplane/prefix_root/lib -Wl,-rpath,/opt/boost/x86_64/1.61.0.g520a/lib -Wl,-rpath,/opt/gcc/x86_64/5.3.0/lib64 -Wl,-rpath,/opt/gcc/x86_64/5.3.0/lib  CMakeFiles/cmTC_d9479.dir/feature_tests.c.o  -o cmTC_d9479 -rdynamic 
gmake[1]: Leaving directory `/var/fpwork/jinmao/test/spdlog/spdlog-master/example/build/CMakeFiles/CMakeTmp'


    Feature record: C_FEATURE:1c_function_prototypes
    Feature record: C_FEATURE:1c_restrict
    Feature record: C_FEATURE:0c_static_assert
    Feature record: C_FEATURE:1c_variadic_macros


Detecting C [-std=c90] compiler features compiled with the following output:
Change Dir: /var/fpwork/jinmao/test/spdlog/spdlog-master/example/build/CMakeFiles/CMakeTmp

Run Build Command:"/usr/bin/gmake" "cmTC_68450/fast"
/usr/bin/gmake -f CMakeFiles/cmTC_68450.dir/build.make CMakeFiles/cmTC_68450.dir/build
gmake[1]: Entering directory `/var/fpwork/jinmao/test/spdlog/spdlog-master/example/build/CMakeFiles/CMakeTmp'
Building C object CMakeFiles/cmTC_68450.dir/feature_tests.c.o
/var/fpwork/jinmao/containerPOc/gnb/cplane/cplane/prefix_root/usr/bin/gcc    -isystem /var/fpwork/jinmao/containerPOc/gnb/cplane/cplane/prefix_root/usr/include     -std=c90 -o CMakeFiles/cmTC_68450.dir/feature_tests.c.o   -c /var/fpwork/jinmao/test/spdlog/spdlog-master/example/build/CMakeFiles/feature_tests.c
Linking C executable cmTC_68450
/opt/cmake/x86_64/3.7.1-1/bin/cmake -E cmake_link_script CMakeFiles/cmTC_68450.dir/link.txt --verbose=1
/var/fpwork/jinmao/containerPOc/gnb/cplane/cplane/prefix_root/usr/bin/gcc  -isystem /var/fpwork/jinmao/containerPOc/gnb/cplane/cplane/prefix_root/usr/include    -L/var/fpwork/jinmao/containerPOc/gnb/cplane/cplane/prefix_root/lib -Wl,-rpath,/var/fpwork/jinmao/containerPOc/gnb/cplane/cplane/prefix_root/lib -Wl,-rpath,/opt/boost/x86_64/1.61.0.g520a/lib -Wl,-rpath,/opt/gcc/x86_64/5.3.0/lib64 -Wl,-rpath,/opt/gcc/x86_64/5.3.0/lib  CMakeFiles/cmTC_68450.dir/feature_tests.c.o  -o cmTC_68450 -rdynamic 
gmake[1]: Leaving directory `/var/fpwork/jinmao/test/spdlog/spdlog-master/example/build/CMakeFiles/CMakeTmp'


    Feature record: C_FEATURE:1c_function_prototypes
    Feature record: C_FEATURE:0c_restrict
    Feature record: C_FEATURE:0c_static_assert
    Feature record: C_FEATURE:0c_variadic_macros
Determining if the CXX compiler works passed with the following output:
Change Dir: /var/fpwork/jinmao/test/spdlog/spdlog-master/example/build/CMakeFiles/CMakeTmp

Run Build Command:"/usr/bin/gmake" "cmTC_ceb81/fast"
/usr/bin/gmake -f CMakeFiles/cmTC_ceb81.dir/build.make CMakeFiles/cmTC_ceb81.dir/build
gmake[1]: Entering directory `/var/fpwork/jinmao/test/spdlog/spdlog-master/example/build/CMakeFiles/CMakeTmp'
Building CXX object CMakeFiles/cmTC_ceb81.dir/testCXXCompiler.cxx.o
/var/fpwork/jinmao/containerPOc/gnb/cplane/cplane/prefix_root/usr/bin/g++     -isystem /var/fpwork/jinmao/containerPOc/gnb/cplane/cplane/prefix_root/usr/include     -o CMakeFiles/cmTC_ceb81.dir/testCXXCompiler.cxx.o -c /var/fpwork/jinmao/test/spdlog/spdlog-master/example/build/CMakeFiles/CMakeTmp/testCXXCompiler.cxx
Linking CXX executable cmTC_ceb81
/opt/cmake/x86_64/3.7.1-1/bin/cmake -E cmake_link_script CMakeFiles/cmTC_ceb81.dir/link.txt --verbose=1
/var/fpwork/jinmao/containerPOc/gnb/cplane/cplane/prefix_root/usr/bin/g++   -isystem /var/fpwork/jinmao/containerPOc/gnb/cplane/cplane/prefix_root/usr/include    -L/var/fpwork/jinmao/containerPOc/gnb/cplane/cplane/prefix_root/lib -Wl,-rpath,/var/fpwork/jinmao/containerPOc/gnb/cplane/cplane/prefix_root/lib -Wl,-rpath,/opt/boost/x86_64/1.61.0.g520a/lib -Wl,-rpath,/opt/gcc/x86_64/5.3.0/lib64 -Wl,-rpath,/opt/gcc/x86_64/5.3.0/lib  CMakeFiles/cmTC_ceb81.dir/testCXXCompiler.cxx.o  -o cmTC_ceb81 -rdynamic 
gmake[1]: Leaving directory `/var/fpwork/jinmao/test/spdlog/spdlog-master/example/build/CMakeFiles/CMakeTmp'


Detecting CXX compiler ABI info compiled with the following output:
Change Dir: /var/fpwork/jinmao/test/spdlog/spdlog-master/example/build/CMakeFiles/CMakeTmp

Run Build Command:"/usr/bin/gmake" "cmTC_9aec2/fast"
/usr/bin/gmake -f CMakeFiles/cmTC_9aec2.dir/build.make CMakeFiles/cmTC_9aec2.dir/build
gmake[1]: Entering directory `/var/fpwork/jinmao/test/spdlog/spdlog-master/example/build/CMakeFiles/CMakeTmp'
Building CXX object CMakeFiles/cmTC_9aec2.dir/CMakeCXXCompilerABI.cpp.o
/var/fpwork/jinmao/containerPOc/gnb/cplane/cplane/prefix_root/usr/bin/g++     -isystem /var/fpwork/jinmao/containerPOc/gnb/cplane/cplane/prefix_root/usr/include     -o CMakeFiles/cmTC_9aec2.dir/CMakeCXXCompilerABI.cpp.o -c /opt/cmake/x86_64/3.7.1-1/share/Modules/CMakeCXXCompilerABI.cpp
Linking CXX executable cmTC_9aec2
/opt/cmake/x86_64/3.7.1-1/bin/cmake -E cmake_link_script CMakeFiles/cmTC_9aec2.dir/link.txt --verbose=1
/var/fpwork/jinmao/containerPOc/gnb/cplane/cplane/prefix_root/usr/bin/g++   -isystem /var/fpwork/jinmao/containerPOc/gnb/cplane/cplane/prefix_root/usr/include    -L/var/fpwork/jinmao/containerPOc/gnb/cplane/cplane/prefix_root/lib -Wl,-rpath,/var/fpwork/jinmao/containerPOc/gnb/cplane/cplane/prefix_root/lib -Wl,-rpath,/opt/boost/x86_64/1.61.0.g520a/lib -Wl,-rpath,/opt/gcc/x86_64/5.3.0/lib64 -Wl,-rpath,/opt/gcc/x86_64/5.3.0/lib -v CMakeFiles/cmTC_9aec2.dir/CMakeCXXCompilerABI.cpp.o  -o cmTC_9aec2 -rdynamic  
Using built-in specs.
COLLECT_GCC=/opt/gcc/x86_64/5.3.0/bin/g++
COLLECT_LTO_WRAPPER=/opt/gcc/x86_64/5.3.0-2/libexec/gcc/x86_64-redhat-linux/5.3.0/lto-wrapper
Target: x86_64-redhat-linux
Configured with: ../configure --prefix=/opt/gcc/x86_64/5.3.0-2 --exec-prefix=/opt/gcc/x86_64/5.3.0-2 --bindir=/opt/gcc/x86_64/5.3.0-2/bin --sbindir=/opt/gcc/x86_64/5.3.0-2/sbin --sysconfdir=/opt/gcc/x86_64/5.3.0-2/etc --datadir=/opt/gcc/x86_64/5.3.0-2/share --includedir=/opt/gcc/x86_64/5.3.0-2/include --libdir=/opt/gcc/x86_64/5.3.0-2/lib --libexecdir=/opt/gcc/x86_64/5.3.0-2/libexec --localstatedir=/var --sharedstatedir=/var/lib --mandir=/opt/gcc/x86_64/5.3.0-2/man --infodir=/opt/gcc/x86_64/5.3.0-2/info --with-docdir=/opt/gcc/x86_64/5.3.0-2/doc --enable-shared --enable-bootstrap --enable-languages=c,c++ --enable-threads=posix --enable-checking=release --with-system-zlib --disable-libunwind-exceptions --enable-__cxa_atexit --enable-libssp --enable-lto --with-gnu-ld --verbose --disable-gtktest --target=x86_64-redhat-linux --build=x86_64-redhat-linux --host=x86_64-redhat-linux
Thread model: posix
gcc version 5.3.0 (GCC) 
COMPILER_PATH=/opt/gcc/x86_64/5.3.0-2/libexec/gcc/x86_64-redhat-linux/5.3.0/:/opt/gcc/x86_64/5.3.0-2/libexec/gcc/x86_64-redhat-linux/5.3.0/:/opt/gcc/x86_64/5.3.0-2/libexec/gcc/x86_64-redhat-linux/:/opt/gcc/x86_64/5.3.0-2/lib/gcc/x86_64-redhat-linux/5.3.0/:/opt/gcc/x86_64/5.3.0-2/lib/gcc/x86_64-redhat-linux/
LIBRARY_PATH=/opt/gcc/x86_64/5.3.0-2/lib/gcc/x86_64-redhat-linux/5.3.0/:/opt/gcc/x86_64/5.3.0-2/lib/gcc/x86_64-redhat-linux/5.3.0/../../../../lib64/:/lib/../lib64/:/usr/lib/../lib64/:/opt/gcc/x86_64/5.3.0-2/lib/gcc/x86_64-redhat-linux/5.3.0/../../../:/lib/:/usr/lib/
COLLECT_GCC_OPTIONS='-isystem' '/var/fpwork/jinmao/containerPOc/gnb/cplane/cplane/prefix_root/usr/include' '-L/var/fpwork/jinmao/containerPOc/gnb/cplane/cplane/prefix_root/lib' '-v' '-o' 'cmTC_9aec2' '-rdynamic' '-shared-libgcc' '-mtune=generic' '-march=x86-64'
 /opt/gcc/x86_64/5.3.0-2/libexec/gcc/x86_64-redhat-linux/5.3.0/collect2 -plugin /opt/gcc/x86_64/5.3.0-2/libexec/gcc/x86_64-redhat-linux/5.3.0/liblto_plugin.so -plugin-opt=/opt/gcc/x86_64/5.3.0-2/libexec/gcc/x86_64-redhat-linux/5.3.0/lto-wrapper -plugin-opt=-fresolution=/tmp/ccDilB5H.res -plugin-opt=-pass-through=-lgcc_s -plugin-opt=-pass-through=-lgcc -plugin-opt=-pass-through=-lc -plugin-opt=-pass-through=-lgcc_s -plugin-opt=-pass-through=-lgcc --eh-frame-hdr -m elf_x86_64 -export-dynamic -dynamic-linker /lib64/ld-linux-x86-64.so.2 -o cmTC_9aec2 /usr/lib/../lib64/crt1.o /usr/lib/../lib64/crti.o /opt/gcc/x86_64/5.3.0-2/lib/gcc/x86_64-redhat-linux/5.3.0/crtbegin.o -L/var/fpwork/jinmao/containerPOc/gnb/cplane/cplane/prefix_root/lib -L/opt/gcc/x86_64/5.3.0-2/lib/gcc/x86_64-redhat-linux/5.3.0 -L/opt/gcc/x86_64/5.3.0-2/lib/gcc/x86_64-redhat-linux/5.3.0/../../../../lib64 -L/lib/../lib64 -L/usr/lib/../lib64 -L/opt/gcc/x86_64/5.3.0-2/lib/gcc/x86_64-redhat-linux/5.3.0/../../.. -rpath /var/fpwork/jinmao/containerPOc/gnb/cplane/cplane/prefix_root/lib -rpath /opt/boost/x86_64/1.61.0.g520a/lib -rpath /opt/gcc/x86_64/5.3.0/lib64 -rpath /opt/gcc/x86_64/5.3.0/lib CMakeFiles/cmTC_9aec2.dir/CMakeCXXCompilerABI.cpp.o -lstdc++ -lm -lgcc_s -lgcc -lc -lgcc_s -lgcc /opt/gcc/x86_64/5.3.0-2/lib/gcc/x86_64-redhat-linux/5.3.0/crtend.o /usr/lib/../lib64/crtn.o
gmake[1]: Leaving directory `/var/fpwork/jinmao/test/spdlog/spdlog-master/example/build/CMakeFiles/CMakeTmp'


Parsed CXX implicit link information from above output:
  link line regex: [^( *|.*[/\])(ld|([^/\]+-)?ld|collect2)[^/\]*( |$)]
  ignore line: [Change Dir: /var/fpwork/jinmao/test/spdlog/spdlog-master/example/build/CMakeFiles/CMakeTmp]
  ignore line: []
  ignore line: [Run Build Command:"/usr/bin/gmake" "cmTC_9aec2/fast"]
  ignore line: [/usr/bin/gmake -f CMakeFiles/cmTC_9aec2.dir/build.make CMakeFiles/cmTC_9aec2.dir/build]
  ignore line: [gmake[1]: Entering directory `/var/fpwork/jinmao/test/spdlog/spdlog-master/example/build/CMakeFiles/CMakeTmp']
  ignore line: [Building CXX object CMakeFiles/cmTC_9aec2.dir/CMakeCXXCompilerABI.cpp.o]
  ignore line: [/var/fpwork/jinmao/containerPOc/gnb/cplane/cplane/prefix_root/usr/bin/g++     -isystem /var/fpwork/jinmao/containerPOc/gnb/cplane/cplane/prefix_root/usr/include     -o CMakeFiles/cmTC_9aec2.dir/CMakeCXXCompilerABI.cpp.o -c /opt/cmake/x86_64/3.7.1-1/share/Modules/CMakeCXXCompilerABI.cpp]
  ignore line: [Linking CXX executable cmTC_9aec2]
  ignore line: [/opt/cmake/x86_64/3.7.1-1/bin/cmake -E cmake_link_script CMakeFiles/cmTC_9aec2.dir/link.txt --verbose=1]
  ignore line: [/var/fpwork/jinmao/containerPOc/gnb/cplane/cplane/prefix_root/usr/bin/g++   -isystem /var/fpwork/jinmao/containerPOc/gnb/cplane/cplane/prefix_root/usr/include    -L/var/fpwork/jinmao/containerPOc/gnb/cplane/cplane/prefix_root/lib -Wl,-rpath,/var/fpwork/jinmao/containerPOc/gnb/cplane/cplane/prefix_root/lib -Wl,-rpath,/opt/boost/x86_64/1.61.0.g520a/lib -Wl,-rpath,/opt/gcc/x86_64/5.3.0/lib64 -Wl,-rpath,/opt/gcc/x86_64/5.3.0/lib -v CMakeFiles/cmTC_9aec2.dir/CMakeCXXCompilerABI.cpp.o  -o cmTC_9aec2 -rdynamic  ]
  ignore line: [Using built-in specs.]
  ignore line: [COLLECT_GCC=/opt/gcc/x86_64/5.3.0/bin/g++]
  ignore line: [COLLECT_LTO_WRAPPER=/opt/gcc/x86_64/5.3.0-2/libexec/gcc/x86_64-redhat-linux/5.3.0/lto-wrapper]
  ignore line: [Target: x86_64-redhat-linux]
  ignore line: [Configured with: ../configure --prefix=/opt/gcc/x86_64/5.3.0-2 --exec-prefix=/opt/gcc/x86_64/5.3.0-2 --bindir=/opt/gcc/x86_64/5.3.0-2/bin --sbindir=/opt/gcc/x86_64/5.3.0-2/sbin --sysconfdir=/opt/gcc/x86_64/5.3.0-2/etc --datadir=/opt/gcc/x86_64/5.3.0-2/share --includedir=/opt/gcc/x86_64/5.3.0-2/include --libdir=/opt/gcc/x86_64/5.3.0-2/lib --libexecdir=/opt/gcc/x86_64/5.3.0-2/libexec --localstatedir=/var --sharedstatedir=/var/lib --mandir=/opt/gcc/x86_64/5.3.0-2/man --infodir=/opt/gcc/x86_64/5.3.0-2/info --with-docdir=/opt/gcc/x86_64/5.3.0-2/doc --enable-shared --enable-bootstrap --enable-languages=c,c++ --enable-threads=posix --enable-checking=release --with-system-zlib --disable-libunwind-exceptions --enable-__cxa_atexit --enable-libssp --enable-lto --with-gnu-ld --verbose --disable-gtktest --target=x86_64-redhat-linux --build=x86_64-redhat-linux --host=x86_64-redhat-linux]
  ignore line: [Thread model: posix]
  ignore line: [gcc version 5.3.0 (GCC) ]
  ignore line: [COMPILER_PATH=/opt/gcc/x86_64/5.3.0-2/libexec/gcc/x86_64-redhat-linux/5.3.0/:/opt/gcc/x86_64/5.3.0-2/libexec/gcc/x86_64-redhat-linux/5.3.0/:/opt/gcc/x86_64/5.3.0-2/libexec/gcc/x86_64-redhat-linux/:/opt/gcc/x86_64/5.3.0-2/lib/gcc/x86_64-redhat-linux/5.3.0/:/opt/gcc/x86_64/5.3.0-2/lib/gcc/x86_64-redhat-linux/]
  ignore line: [LIBRARY_PATH=/opt/gcc/x86_64/5.3.0-2/lib/gcc/x86_64-redhat-linux/5.3.0/:/opt/gcc/x86_64/5.3.0-2/lib/gcc/x86_64-redhat-linux/5.3.0/../../../../lib64/:/lib/../lib64/:/usr/lib/../lib64/:/opt/gcc/x86_64/5.3.0-2/lib/gcc/x86_64-redhat-linux/5.3.0/../../../:/lib/:/usr/lib/]
  ignore line: [COLLECT_GCC_OPTIONS='-isystem' '/var/fpwork/jinmao/containerPOc/gnb/cplane/cplane/prefix_root/usr/include' '-L/var/fpwork/jinmao/containerPOc/gnb/cplane/cplane/prefix_root/lib' '-v' '-o' 'cmTC_9aec2' '-rdynamic' '-shared-libgcc' '-mtune=generic' '-march=x86-64']
  link line: [ /opt/gcc/x86_64/5.3.0-2/libexec/gcc/x86_64-redhat-linux/5.3.0/collect2 -plugin /opt/gcc/x86_64/5.3.0-2/libexec/gcc/x86_64-redhat-linux/5.3.0/liblto_plugin.so -plugin-opt=/opt/gcc/x86_64/5.3.0-2/libexec/gcc/x86_64-redhat-linux/5.3.0/lto-wrapper -plugin-opt=-fresolution=/tmp/ccDilB5H.res -plugin-opt=-pass-through=-lgcc_s -plugin-opt=-pass-through=-lgcc -plugin-opt=-pass-through=-lc -plugin-opt=-pass-through=-lgcc_s -plugin-opt=-pass-through=-lgcc --eh-frame-hdr -m elf_x86_64 -export-dynamic -dynamic-linker /lib64/ld-linux-x86-64.so.2 -o cmTC_9aec2 /usr/lib/../lib64/crt1.o /usr/lib/../lib64/crti.o /opt/gcc/x86_64/5.3.0-2/lib/gcc/x86_64-redhat-linux/5.3.0/crtbegin.o -L/var/fpwork/jinmao/containerPOc/gnb/cplane/cplane/prefix_root/lib -L/opt/gcc/x86_64/5.3.0-2/lib/gcc/x86_64-redhat-linux/5.3.0 -L/opt/gcc/x86_64/5.3.0-2/lib/gcc/x86_64-redhat-linux/5.3.0/../../../../lib64 -L/lib/../lib64 -L/usr/lib/../lib64 -L/opt/gcc/x86_64/5.3.0-2/lib/gcc/x86_64-redhat-linux/5.3.0/../../.. -rpath /var/fpwork/jinmao/containerPOc/gnb/cplane/cplane/prefix_root/lib -rpath /opt/boost/x86_64/1.61.0.g520a/lib -rpath /opt/gcc/x86_64/5.3.0/lib64 -rpath /opt/gcc/x86_64/5.3.0/lib CMakeFiles/cmTC_9aec2.dir/CMakeCXXCompilerABI.cpp.o -lstdc++ -lm -lgcc_s -lgcc -lc -lgcc_s -lgcc /opt/gcc/x86_64/5.3.0-2/lib/gcc/x86_64-redhat-linux/5.3.0/crtend.o /usr/lib/../lib64/crtn.o]
    arg [/opt/gcc/x86_64/5.3.0-2/libexec/gcc/x86_64-redhat-linux/5.3.0/collect2] ==> ignore
    arg [-plugin] ==> ignore
    arg [/opt/gcc/x86_64/5.3.0-2/libexec/gcc/x86_64-redhat-linux/5.3.0/liblto_plugin.so] ==> ignore
    arg [-plugin-opt=/opt/gcc/x86_64/5.3.0-2/libexec/gcc/x86_64-redhat-linux/5.3.0/lto-wrapper] ==> ignore
    arg [-plugin-opt=-fresolution=/tmp/ccDilB5H.res] ==> ignore
    arg [-plugin-opt=-pass-through=-lgcc_s] ==> ignore
    arg [-plugin-opt=-pass-through=-lgcc] ==> ignore
    arg [-plugin-opt=-pass-through=-lc] ==> ignore
    arg [-plugin-opt=-pass-through=-lgcc_s] ==> ignore
    arg [-plugin-opt=-pass-through=-lgcc] ==> ignore
    arg [--eh-frame-hdr] ==> ignore
    arg [-m] ==> ignore
    arg [elf_x86_64] ==> ignore
    arg [-export-dynamic] ==> ignore
    arg [-dynamic-linker] ==> ignore
    arg [/lib64/ld-linux-x86-64.so.2] ==> ignore
    arg [-o] ==> ignore
    arg [cmTC_9aec2] ==> ignore
    arg [/usr/lib/../lib64/crt1.o] ==> ignore
    arg [/usr/lib/../lib64/crti.o] ==> ignore
    arg [/opt/gcc/x86_64/5.3.0-2/lib/gcc/x86_64-redhat-linux/5.3.0/crtbegin.o] ==> ignore
    arg [-L/var/fpwork/jinmao/containerPOc/gnb/cplane/cplane/prefix_root/lib] ==> dir [/var/fpwork/jinmao/containerPOc/gnb/cplane/cplane/prefix_root/lib]
    arg [-L/opt/gcc/x86_64/5.3.0-2/lib/gcc/x86_64-redhat-linux/5.3.0] ==> dir [/opt/gcc/x86_64/5.3.0-2/lib/gcc/x86_64-redhat-linux/5.3.0]
    arg [-L/opt/gcc/x86_64/5.3.0-2/lib/gcc/x86_64-redhat-linux/5.3.0/../../../../lib64] ==> dir [/opt/gcc/x86_64/5.3.0-2/lib/gcc/x86_64-redhat-linux/5.3.0/../../../../lib64]
    arg [-L/lib/../lib64] ==> dir [/lib/../lib64]
    arg [-L/usr/lib/../lib64] ==> dir [/usr/lib/../lib64]
    arg [-L/opt/gcc/x86_64/5.3.0-2/lib/gcc/x86_64-redhat-linux/5.3.0/../../..] ==> dir [/opt/gcc/x86_64/5.3.0-2/lib/gcc/x86_64-redhat-linux/5.3.0/../../..]
    arg [-rpath] ==> ignore
    arg [/var/fpwork/jinmao/containerPOc/gnb/cplane/cplane/prefix_root/lib] ==> ignore
    arg [-rpath] ==> ignore
    arg [/opt/boost/x86_64/1.61.0.g520a/lib] ==> ignore
    arg [-rpath] ==> ignore
    arg [/opt/gcc/x86_64/5.3.0/lib64] ==> ignore
    arg [-rpath] ==> ignore
    arg [/opt/gcc/x86_64/5.3.0/lib] ==> ignore
    arg [CMakeFiles/cmTC_9aec2.dir/CMakeCXXCompilerABI.cpp.o] ==> ignore
    arg [-lstdc++] ==> lib [stdc++]
    arg [-lm] ==> lib [m]
    arg [-lgcc_s] ==> lib [gcc_s]
    arg [-lgcc] ==> lib [gcc]
    arg [-lc] ==> lib [c]
    arg [-lgcc_s] ==> lib [gcc_s]
    arg [-lgcc] ==> lib [gcc]
    arg [/opt/gcc/x86_64/5.3.0-2/lib/gcc/x86_64-redhat-linux/5.3.0/crtend.o] ==> ignore
    arg [/usr/lib/../lib64/crtn.o] ==> ignore
  remove lib [gcc_s]
  remove lib [gcc]
  remove lib [gcc_s]
  remove lib [gcc]
  collapse library dir [/var/fpwork/jinmao/containerPOc/gnb/cplane/cplane/prefix_root/lib] ==> [/var/fpwork/jinmao/containerPOc/gnb/cplane/cplane/prefix_root/lib]
  collapse library dir [/opt/gcc/x86_64/5.3.0-2/lib/gcc/x86_64-redhat-linux/5.3.0] ==> [/opt/gcc/x86_64/5.3.0-2/lib/gcc/x86_64-redhat-linux/5.3.0]
  collapse library dir [/opt/gcc/x86_64/5.3.0-2/lib/gcc/x86_64-redhat-linux/5.3.0/../../../../lib64] ==> [/opt/gcc/x86_64/5.3.0-2/lib64]
  collapse library dir [/lib/../lib64] ==> [/lib64]
  collapse library dir [/usr/lib/../lib64] ==> [/usr/lib64]
  collapse library dir [/opt/gcc/x86_64/5.3.0-2/lib/gcc/x86_64-redhat-linux/5.3.0/../../..] ==> [/opt/gcc/x86_64/5.3.0-2/lib]
  implicit libs: [stdc++;m;c]
  implicit dirs: [/var/fpwork/jinmao/containerPOc/gnb/cplane/cplane/prefix_root/lib;/opt/gcc/x86_64/5.3.0-2/lib/gcc/x86_64-redhat-linux/5.3.0;/opt/gcc/x86_64/5.3.0-2/lib64;/lib64;/usr/lib64;/opt/gcc/x86_64/5.3.0-2/lib]
  implicit fwks: []




Detecting CXX [-std=c++14] compiler features compiled with the following output:
Change Dir: /var/fpwork/jinmao/test/spdlog/spdlog-master/example/build/CMakeFiles/CMakeTmp

Run Build Command:"/usr/bin/gmake" "cmTC_1114f/fast"
/usr/bin/gmake -f CMakeFiles/cmTC_1114f.dir/build.make CMakeFiles/cmTC_1114f.dir/build
gmake[1]: Entering directory `/var/fpwork/jinmao/test/spdlog/spdlog-master/example/build/CMakeFiles/CMakeTmp'
Building CXX object CMakeFiles/cmTC_1114f.dir/feature_tests.cxx.o
/var/fpwork/jinmao/containerPOc/gnb/cplane/cplane/prefix_root/usr/bin/g++     -isystem /var/fpwork/jinmao/containerPOc/gnb/cplane/cplane/prefix_root/usr/include     -std=c++14 -o CMakeFiles/cmTC_1114f.dir/feature_tests.cxx.o -c /var/fpwork/jinmao/test/spdlog/spdlog-master/example/build/CMakeFiles/feature_tests.cxx
Linking CXX executable cmTC_1114f
/opt/cmake/x86_64/3.7.1-1/bin/cmake -E cmake_link_script CMakeFiles/cmTC_1114f.dir/link.txt --verbose=1
/var/fpwork/jinmao/containerPOc/gnb/cplane/cplane/prefix_root/usr/bin/g++   -isystem /var/fpwork/jinmao/containerPOc/gnb/cplane/cplane/prefix_root/usr/include    -L/var/fpwork/jinmao/containerPOc/gnb/cplane/cplane/prefix_root/lib -Wl,-rpath,/var/fpwork/jinmao/containerPOc/gnb/cplane/cplane/prefix_root/lib -Wl,-rpath,/opt/boost/x86_64/1.61.0.g520a/lib -Wl,-rpath,/opt/gcc/x86_64/5.3.0/lib64 -Wl,-rpath,/opt/gcc/x86_64/5.3.0/lib  CMakeFiles/cmTC_1114f.dir/feature_tests.cxx.o  -o cmTC_1114f -rdynamic 
gmake[1]: Leaving directory `/var/fpwork/jinmao/test/spdlog/spdlog-master/example/build/CMakeFiles/CMakeTmp'


    Feature record: CXX_FEATURE:1cxx_aggregate_default_initializers
    Feature record: CXX_FEATURE:1cxx_alias_templates
    Feature record: CXX_FEATURE:1cxx_alignas
    Feature record: CXX_FEATURE:1cxx_alignof
    Feature record: CXX_FEATURE:1cxx_attributes
    Feature record: CXX_FEATURE:1cxx_attribute_deprecated
    Feature record: CXX_FEATURE:1cxx_auto_type
    Feature record: CXX_FEATURE:1cxx_binary_literals
    Feature record: CXX_FEATURE:1cxx_constexpr
    Feature record: CXX_FEATURE:1cxx_contextual_conversions
    Feature record: CXX_FEATURE:1cxx_decltype
    Feature record: CXX_FEATURE:1cxx_decltype_auto
    Feature record: CXX_FEATURE:1cxx_decltype_incomplete_return_types
    Feature record: CXX_FEATURE:1cxx_default_function_template_args
    Feature record: CXX_FEATURE:1cxx_defaulted_functions
    Feature record: CXX_FEATURE:1cxx_defaulted_move_initializers
    Feature record: CXX_FEATURE:1cxx_delegating_constructors
    Feature record: CXX_FEATURE:1cxx_deleted_functions
    Feature record: CXX_FEATURE:1cxx_digit_separators
    Feature record: CXX_FEATURE:1cxx_enum_forward_declarations
    Feature record: CXX_FEATURE:1cxx_explicit_conversions
    Feature record: CXX_FEATURE:1cxx_extended_friend_declarations
    Feature record: CXX_FEATURE:1cxx_extern_templates
    Feature record: CXX_FEATURE:1cxx_final
    Feature record: CXX_FEATURE:1cxx_func_identifier
    Feature record: CXX_FEATURE:1cxx_generalized_initializers
    Feature record: CXX_FEATURE:1cxx_generic_lambdas
    Feature record: CXX_FEATURE:1cxx_inheriting_constructors
    Feature record: CXX_FEATURE:1cxx_inline_namespaces
    Feature record: CXX_FEATURE:1cxx_lambdas
    Feature record: CXX_FEATURE:1cxx_lambda_init_captures
    Feature record: CXX_FEATURE:1cxx_local_type_template_args
    Feature record: CXX_FEATURE:1cxx_long_long_type
    Feature record: CXX_FEATURE:1cxx_noexcept
    Feature record: CXX_FEATURE:1cxx_nonstatic_member_init
    Feature record: CXX_FEATURE:1cxx_nullptr
    Feature record: CXX_FEATURE:1cxx_override
    Feature record: CXX_FEATURE:1cxx_range_for
    Feature record: CXX_FEATURE:1cxx_raw_string_literals
    Feature record: CXX_FEATURE:1cxx_reference_qualified_functions
    Feature record: CXX_FEATURE:1cxx_relaxed_constexpr
    Feature record: CXX_FEATURE:1cxx_return_type_deduction
    Feature record: CXX_FEATURE:1cxx_right_angle_brackets
    Feature record: CXX_FEATURE:1cxx_rvalue_references
    Feature record: CXX_FEATURE:1cxx_sizeof_member
    Feature record: CXX_FEATURE:1cxx_static_assert
    Feature record: CXX_FEATURE:1cxx_strong_enums
    Feature record: CXX_FEATURE:1cxx_template_template_parameters
    Feature record: CXX_FEATURE:1cxx_thread_local
    Feature record: CXX_FEATURE:1cxx_trailing_return_types
    Feature record: CXX_FEATURE:1cxx_unicode_literals
    Feature record: CXX_FEATURE:1cxx_uniform_initialization
    Feature record: CXX_FEATURE:1cxx_unrestricted_unions
    Feature record: CXX_FEATURE:1cxx_user_literals
    Feature record: CXX_FEATURE:1cxx_variable_templates
    Feature record: CXX_FEATURE:1cxx_variadic_macros
    Feature record: CXX_FEATURE:1cxx_variadic_templates


Detecting CXX [-std=c++11] compiler features compiled with the following output:
Change Dir: /var/fpwork/jinmao/test/spdlog/spdlog-master/example/build/CMakeFiles/CMakeTmp

Run Build Command:"/usr/bin/gmake" "cmTC_b7287/fast"
/usr/bin/gmake -f CMakeFiles/cmTC_b7287.dir/build.make CMakeFiles/cmTC_b7287.dir/build
gmake[1]: Entering directory `/var/fpwork/jinmao/test/spdlog/spdlog-master/example/build/CMakeFiles/CMakeTmp'
Building CXX object CMakeFiles/cmTC_b7287.dir/feature_tests.cxx.o
/var/fpwork/jinmao/containerPOc/gnb/cplane/cplane/prefix_root/usr/bin/g++     -isystem /var/fpwork/jinmao/containerPOc/gnb/cplane/cplane/prefix_root/usr/include     -std=c++11 -o CMakeFiles/cmTC_b7287.dir/feature_tests.cxx.o -c /var/fpwork/jinmao/test/spdlog/spdlog-master/example/build/CMakeFiles/feature_tests.cxx
Linking CXX executable cmTC_b7287
/opt/cmake/x86_64/3.7.1-1/bin/cmake -E cmake_link_script CMakeFiles/cmTC_b7287.dir/link.txt --verbose=1
/var/fpwork/jinmao/containerPOc/gnb/cplane/cplane/prefix_root/usr/bin/g++   -isystem /var/fpwork/jinmao/containerPOc/gnb/cplane/cplane/prefix_root/usr/include    -L/var/fpwork/jinmao/containerPOc/gnb/cplane/cplane/prefix_root/lib -Wl,-rpath,/var/fpwork/jinmao/containerPOc/gnb/cplane/cplane/prefix_root/lib -Wl,-rpath,/opt/boost/x86_64/1.61.0.g520a/lib -Wl,-rpath,/opt/gcc/x86_64/5.3.0/lib64 -Wl,-rpath,/opt/gcc/x86_64/5.3.0/lib  CMakeFiles/cmTC_b7287.dir/feature_tests.cxx.o  -o cmTC_b7287 -rdynamic 
gmake[1]: Leaving directory `/var/fpwork/jinmao/test/spdlog/spdlog-master/example/build/CMakeFiles/CMakeTmp'


    Feature record: CXX_FEATURE:0cxx_aggregate_default_initializers
    Feature record: CXX_FEATURE:1cxx_alias_templates
    Feature record: CXX_FEATURE:1cxx_alignas
    Feature record: CXX_FEATURE:1cxx_alignof
    Feature record: CXX_FEATURE:1cxx_attributes
    Feature record: CXX_FEATURE:0cxx_attribute_deprecated
    Feature record: CXX_FEATURE:1cxx_auto_type
    Feature record: CXX_FEATURE:0cxx_binary_literals
    Feature record: CXX_FEATURE:1cxx_constexpr
    Feature record: CXX_FEATURE:0cxx_contextual_conversions
    Feature record: CXX_FEATURE:1cxx_decltype
    Feature record: CXX_FEATURE:0cxx_decltype_auto
    Feature record: CXX_FEATURE:1cxx_decltype_incomplete_return_types
    Feature record: CXX_FEATURE:1cxx_default_function_template_args
    Feature record: CXX_FEATURE:1cxx_defaulted_functions
    Feature record: CXX_FEATURE:1cxx_defaulted_move_initializers
    Feature record: CXX_FEATURE:1cxx_delegating_constructors
    Feature record: CXX_FEATURE:1cxx_deleted_functions
    Feature record: CXX_FEATURE:0cxx_digit_separators
    Feature record: CXX_FEATURE:1cxx_enum_forward_declarations
    Feature record: CXX_FEATURE:1cxx_explicit_conversions
    Feature record: CXX_FEATURE:1cxx_extended_friend_declarations
    Feature record: CXX_FEATURE:1cxx_extern_templates
    Feature record: CXX_FEATURE:1cxx_final
    Feature record: CXX_FEATURE:1cxx_func_identifier
    Feature record: CXX_FEATURE:1cxx_generalized_initializers
    Feature record: CXX_FEATURE:0cxx_generic_lambdas
    Feature record: CXX_FEATURE:1cxx_inheriting_constructors
    Feature record: CXX_FEATURE:1cxx_inline_namespaces
    Feature record: CXX_FEATURE:1cxx_lambdas
    Feature record: CXX_FEATURE:0cxx_lambda_init_captures
    Feature record: CXX_FEATURE:1cxx_local_type_template_args
    Feature record: CXX_FEATURE:1cxx_long_long_type
    Feature record: CXX_FEATURE:1cxx_noexcept
    Feature record: CXX_FEATURE:1cxx_nonstatic_member_init
    Feature record: CXX_FEATURE:1cxx_nullptr
    Feature record: CXX_FEATURE:1cxx_override
    Feature record: CXX_FEATURE:1cxx_range_for
    Feature record: CXX_FEATURE:1cxx_raw_string_literals
    Feature record: CXX_FEATURE:1cxx_reference_qualified_functions
    Feature record: CXX_FEATURE:0cxx_relaxed_constexpr
    Feature record: CXX_FEATURE:0cxx_return_type_deduction
    Feature record: CXX_FEATURE:1cxx_right_angle_brackets
    Feature record: CXX_FEATURE:1cxx_rvalue_references
    Feature record: CXX_FEATURE:1cxx_sizeof_member
    Feature record: CXX_FEATURE:1cxx_static_assert
    Feature record: CXX_FEATURE:1cxx_strong_enums
    Feature record: CXX_FEATURE:1cxx_template_template_parameters
    Feature record: CXX_FEATURE:1cxx_thread_local
    Feature record: CXX_FEATURE:1cxx_trailing_return_types
    Feature record: CXX_FEATURE:1cxx_unicode_literals
    Feature record: CXX_FEATURE:1cxx_uniform_initialization
    Feature record: CXX_FEATURE:1cxx_unrestricted_unions
    Feature record: CXX_FEATURE:1cxx_user_literals
    Feature record: CXX_FEATURE:0cxx_variable_templates
    Feature record: CXX_FEATURE:1cxx_variadic_macros
    Feature record: CXX_FEATURE:1cxx_variadic_templates


Detecting CXX [-std=c++98] compiler features compiled with the following output:
Change Dir: /var/fpwork/jinmao/test/spdlog/spdlog-master/example/build/CMakeFiles/CMakeTmp

Run Build Command:"/usr/bin/gmake" "cmTC_0c797/fast"
/usr/bin/gmake -f CMakeFiles/cmTC_0c797.dir/build.make CMakeFiles/cmTC_0c797.dir/build
gmake[1]: Entering directory `/var/fpwork/jinmao/test/spdlog/spdlog-master/example/build/CMakeFiles/CMakeTmp'
Building CXX object CMakeFiles/cmTC_0c797.dir/feature_tests.cxx.o
/var/fpwork/jinmao/containerPOc/gnb/cplane/cplane/prefix_root/usr/bin/g++     -isystem /var/fpwork/jinmao/containerPOc/gnb/cplane/cplane/prefix_root/usr/include     -std=c++98 -o CMakeFiles/cmTC_0c797.dir/feature_tests.cxx.o -c /var/fpwork/jinmao/test/spdlog/spdlog-master/example/build/CMakeFiles/feature_tests.cxx
Linking CXX executable cmTC_0c797
/opt/cmake/x86_64/3.7.1-1/bin/cmake -E cmake_link_script CMakeFiles/cmTC_0c797.dir/link.txt --verbose=1
/var/fpwork/jinmao/containerPOc/gnb/cplane/cplane/prefix_root/usr/bin/g++   -isystem /var/fpwork/jinmao/containerPOc/gnb/cplane/cplane/prefix_root/usr/include    -L/var/fpwork/jinmao/containerPOc/gnb/cplane/cplane/prefix_root/lib -Wl,-rpath,/var/fpwork/jinmao/containerPOc/gnb/cplane/cplane/prefix_root/lib -Wl,-rpath,/opt/boost/x86_64/1.61.0.g520a/lib -Wl,-rpath,/opt/gcc/x86_64/5.3.0/lib64 -Wl,-rpath,/opt/gcc/x86_64/5.3.0/lib  CMakeFiles/cmTC_0c797.dir/feature_tests.cxx.o  -o cmTC_0c797 -rdynamic 
gmake[1]: Leaving directory `/var/fpwork/jinmao/test/spdlog/spdlog-master/example/build/CMakeFiles/CMakeTmp'


    Feature record: CXX_FEATURE:0cxx_aggregate_default_initializers
    Feature record: CXX_FEATURE:0cxx_alias_templates
    Feature record: CXX_FEATURE:0cxx_alignas
    Feature record: CXX_FEATURE:0cxx_alignof
    Feature record: CXX_FEATURE:0cxx_attributes
    Feature record: CXX_FEATURE:0cxx_attribute_deprecated
    Feature record: CXX_FEATURE:0cxx_auto_type
    Feature record: CXX_FEATURE:0cxx_binary_literals
    Feature record: CXX_FEATURE:0cxx_constexpr
    Feature record: CXX_FEATURE:0cxx_contextual_conversions
    Feature record: CXX_FEATURE:0cxx_decltype
    Feature record: CXX_FEATURE:0cxx_decltype_auto
    Feature record: CXX_FEATURE:0cxx_decltype_incomplete_return_types
    Feature record: CXX_FEATURE:0cxx_default_function_template_args
    Feature record: CXX_FEATURE:0cxx_defaulted_functions
    Feature record: CXX_FEATURE:0cxx_defaulted_move_initializers
    Feature record: CXX_FEATURE:0cxx_delegating_constructors
    Feature record: CXX_FEATURE:0cxx_deleted_functions
    Feature record: CXX_FEATURE:0cxx_digit_separators
    Feature record: CXX_FEATURE:0cxx_enum_forward_declarations
    Feature record: CXX_FEATURE:0cxx_explicit_conversions
    Feature record: CXX_FEATURE:0cxx_extended_friend_declarations
    Feature record: CXX_FEATURE:0cxx_extern_templates
    Feature record: CXX_FEATURE:0cxx_final
    Feature record: CXX_FEATURE:0cxx_func_identifier
    Feature record: CXX_FEATURE:0cxx_generalized_initializers
    Feature record: CXX_FEATURE:0cxx_generic_lambdas
    Feature record: CXX_FEATURE:0cxx_inheriting_constructors
    Feature record: CXX_FEATURE:0cxx_inline_namespaces
    Feature record: CXX_FEATURE:0cxx_lambdas
    Feature record: CXX_FEATURE:0cxx_lambda_init_captures
    Feature record: CXX_FEATURE:0cxx_local_type_template_args
    Feature record: CXX_FEATURE:0cxx_long_long_type
    Feature record: CXX_FEATURE:0cxx_noexcept
    Feature record: CXX_FEATURE:0cxx_nonstatic_member_init
    Feature record: CXX_FEATURE:0cxx_nullptr
    Feature record: CXX_FEATURE:0cxx_override
    Feature record: CXX_FEATURE:0cxx_range_for
    Feature record: CXX_FEATURE:0cxx_raw_string_literals
    Feature record: CXX_FEATURE:0cxx_reference_qualified_functions
    Feature record: CXX_FEATURE:0cxx_relaxed_constexpr
    Feature record: CXX_FEATURE:0cxx_return_type_deduction
    Feature record: CXX_FEATURE:0cxx_right_angle_brackets
    Feature record: CXX_FEATURE:0cxx_rvalue_references
    Feature record: CXX_FEATURE:0cxx_sizeof_member
    Feature record: CXX_FEATURE:0cxx_static_assert
    Feature record: CXX_FEATURE:0cxx_strong_enums
    Feature record: CXX_FEATURE:1cxx_template_template_parameters
    Feature record: CXX_FEATURE:0cxx_thread_local
    Feature record: CXX_FEATURE:0cxx_trailing_return_types
    Feature record: CXX_FEATURE:0cxx_unicode_literals
    Feature record: CXX_FEATURE:0cxx_uniform_initialization
    Feature record: CXX_FEATURE:0cxx_unrestricted_unions
    Feature record: CXX_FEATURE:0cxx_user_literals
    Feature record: CXX_FEATURE:0cxx_variable_templates
    Feature record: CXX_FEATURE:0cxx_variadic_macros
    Feature record: CXX_FEATURE:0cxx_variadic_templates
